{
  "RSpec": {
    "coverage": {
      "/Users/vtourone/Coding/ruby/ratebeer-week5-as-base/config/environment.rb": [
        null,
        1,
        null,
        null,
        1
      ],
      "/Users/vtourone/Coding/ruby/ratebeer-week5-as-base/config/application.rb": [
        1,
        null,
        1,
        null,
        null,
        null,
        1,
        null,
        1,
        1,
        1,
        null,
        null,
        null,
        null,
        null,
        null,
        null,
        null,
        null,
        null,
        null,
        null,
        null
      ],
      "/Users/vtourone/Coding/ruby/ratebeer-week5-as-base/config/boot.rb": [
        null,
        1,
        null,
        1
      ],
      "/Users/vtourone/Coding/ruby/ratebeer-week5-as-base/config/environments/test.rb": [
        1,
        null,
        null,
        null,
        null,
        null,
        null,
        1,
        null,
        null,
        null,
        null,
        1,
        null,
        null,
        1,
        1,
        null,
        null,
        1,
        1,
        null,
        null,
        1,
        null,
        null,
        1,
        null,
        null,
        null,
        null,
        1,
        null,
        null,
        1,
        null
      ],
      "/Users/vtourone/Coding/ruby/ratebeer-week5-as-base/config/initializers/backtrace_silencers.rb": [
        null,
        null,
        null,
        null,
        null,
        null,
        null
      ],
      "/Users/vtourone/Coding/ruby/ratebeer-week5-as-base/config/initializers/filter_parameter_logging.rb": [
        null,
        null,
        null,
        1
      ],
      "/Users/vtourone/Coding/ruby/ratebeer-week5-as-base/config/initializers/inflections.rb": [
        null,
        null,
        null,
        null,
        null,
        null,
        null,
        null,
        null,
        null,
        null,
        null,
        null,
        null,
        null,
        null
      ],
      "/Users/vtourone/Coding/ruby/ratebeer-week5-as-base/config/initializers/mime_types.rb": [
        null,
        null,
        null,
        null,
        null
      ],
      "/Users/vtourone/Coding/ruby/ratebeer-week5-as-base/config/initializers/secret_token.rb": [
        null,
        null,
        null,
        null,
        null,
        null,
        null,
        null,
        null,
        null,
        null,
        1
      ],
      "/Users/vtourone/Coding/ruby/ratebeer-week5-as-base/config/initializers/session_store.rb": [
        null,
        null,
        1
      ],
      "/Users/vtourone/Coding/ruby/ratebeer-week5-as-base/config/initializers/wrap_parameters.rb": [
        null,
        null,
        null,
        null,
        null,
        null,
        1,
        1,
        null,
        null,
        null,
        null,
        null,
        null
      ],
      "/Users/vtourone/Coding/ruby/ratebeer-week5-as-base/spec/factories.rb": [
        1,
        1,
        1,
        1,
        1,
        null,
        null,
        1,
        1,
        null,
        null,
        1,
        1,
        null,
        null,
        1,
        1,
        1,
        null,
        null,
        1,
        1,
        1,
        null,
        null,
        1,
        1,
        1,
        1,
        null,
        null
      ],
      "/Users/vtourone/Coding/ruby/ratebeer-week5-as-base/app/models/rating.rb": [
        1,
        1,
        1,
        null,
        1,
        null,
        null,
        null,
        1,
        0,
        null,
        null
      ],
      "/Users/vtourone/Coding/ruby/ratebeer-week5-as-base/config/routes.rb": [
        1,
        1,
        null,
        1,
        null,
        1,
        null,
        1,
        null,
        1,
        null,
        1,
        null,
        1,
        null,
        1,
        null,
        1,
        1,
        1,
        null,
        1,
        1,
        null,
        1,
        null,
        1,
        1,
        null,
        1,
        null,
        null
      ],
      "/Users/vtourone/Coding/ruby/ratebeer-week5-as-base/app/helpers/application_helper.rb": [
        1,
        null
      ],
      "/Users/vtourone/Coding/ruby/ratebeer-week5-as-base/app/helpers/beer_clubs_helper.rb": [
        1,
        null
      ],
      "/Users/vtourone/Coding/ruby/ratebeer-week5-as-base/app/helpers/beers_helper.rb": [
        1,
        null
      ],
      "/Users/vtourone/Coding/ruby/ratebeer-week5-as-base/app/helpers/breweries_helper.rb": [
        1,
        null
      ],
      "/Users/vtourone/Coding/ruby/ratebeer-week5-as-base/app/helpers/memberships_helper.rb": [
        1,
        null
      ],
      "/Users/vtourone/Coding/ruby/ratebeer-week5-as-base/app/helpers/styles_helper.rb": [
        1,
        null
      ],
      "/Users/vtourone/Coding/ruby/ratebeer-week5-as-base/app/helpers/users_helper.rb": [
        1,
        null
      ],
      "/Users/vtourone/Coding/ruby/ratebeer-week5-as-base/spec/support/helpers/own_test_helper.rb": [
        1,
        null,
        1,
        4,
        null,
        4,
        4,
        4,
        null,
        null,
        1,
        0,
        null,
        null,
        1,
        0,
        null,
        null,
        1,
        0,
        null,
        null,
        1,
        0,
        null,
        null,
        1,
        0,
        0,
        null,
        null,
        null,
        1,
        0,
        0,
        0,
        null,
        null
      ],
      "/Users/vtourone/Coding/ruby/ratebeer-week5-as-base/app/models/user.rb": [
        1,
        1,
        null,
        1,
        null,
        null,
        1,
        null,
        null,
        null,
        null,
        1,
        null,
        1,
        1,
        1,
        1,
        null,
        1,
        0,
        0,
        null,
        null,
        1,
        0,
        null,
        null,
        1,
        0,
        null,
        null,
        1,
        null,
        1,
        0,
        0,
        0,
        null,
        0,
        null,
        null,
        1,
        0,
        null,
        null,
        1,
        0,
        0,
        0,
        null,
        null,
        null
      ],
      "/Users/vtourone/Coding/ruby/ratebeer-week5-as-base/app/models/concerns/rating_average.rb": [
        1,
        1,
        null,
        1,
        0,
        null,
        null
      ],
      "/Users/vtourone/Coding/ruby/ratebeer-week5-as-base/app/models/brewery.rb": [
        1,
        1,
        null,
        1,
        13,
        null,
        1,
        1,
        null
      ],
      "/Users/vtourone/Coding/ruby/ratebeer-week5-as-base/app/models/style.rb": [
        1,
        1,
        null,
        1,
        0,
        null,
        null
      ],
      "/Users/vtourone/Coding/ruby/ratebeer-week5-as-base/app/models/beer.rb": [
        1,
        1,
        null,
        1,
        1,
        null,
        1,
        1,
        1,
        1,
        null,
        1,
        0,
        null,
        null
      ],
      "/Users/vtourone/Coding/ruby/ratebeer-week5-as-base/app/controllers/sessions_controller.rb": [
        1,
        1,
        null,
        null,
        null,
        1,
        4,
        null,
        4,
        0,
        null,
        4,
        4,
        null,
        null,
        null,
        1,
        0,
        0,
        null,
        null
      ],
      "/Users/vtourone/Coding/ruby/ratebeer-week5-as-base/app/controllers/application_controller.rb": [
        1,
        null,
        null,
        1,
        null,
        1,
        null,
        1,
        36,
        32,
        null,
        null,
        1,
        4,
        null,
        null,
        1,
        0,
        0,
        null,
        null
      ],
      "/Users/vtourone/Coding/ruby/ratebeer-week5-as-base/app/controllers/users_controller.rb": [
        1,
        1,
        null,
        null,
        null,
        1,
        0,
        null,
        null,
        null,
        null,
        1,
        null,
        null,
        null,
        1,
        0,
        null,
        null,
        null,
        1,
        null,
        null,
        null,
        null,
        1,
        0,
        null,
        0,
        0,
        0,
        0,
        null,
        0,
        0,
        null,
        null,
        null,
        null,
        null,
        null,
        1,
        0,
        0,
        0,
        0,
        null,
        0,
        0,
        null,
        null,
        null,
        null,
        null,
        null,
        1,
        0,
        0,
        0,
        null,
        0,
        0,
        0,
        null,
        null,
        null,
        1,
        null,
        1,
        4,
        null,
        null,
        null,
        1,
        0,
        null,
        null
      ],
      "/Users/vtourone/Coding/ruby/ratebeer-week5-as-base/app/models/membership.rb": [
        1,
        1,
        1,
        null,
        1,
        null
      ],
      "/Users/vtourone/Coding/ruby/ratebeer-week5-as-base/app/models/beer_club.rb": [
        1,
        1,
        1,
        null,
        1,
        0,
        null,
        null
      ],
      "/Users/vtourone/Coding/ruby/ratebeer-week5-as-base/app/controllers/beers_controller.rb": [
        1,
        1,
        1,
        1,
        1,
        null,
        null,
        null,
        1,
        4,
        null,
        4,
        null,
        4,
        16,
        0,
        0,
        null,
        null,
        null,
        null,
        null,
        1,
        0,
        0,
        null,
        null,
        null,
        1,
        0,
        null,
        null,
        null,
        1,
        null,
        null,
        1,
        null,
        null,
        null,
        null,
        1,
        0,
        null,
        0,
        0,
        0,
        0,
        null,
        0,
        0,
        null,
        null,
        null,
        null,
        null,
        null,
        1,
        0,
        0,
        0,
        0,
        null,
        0,
        0,
        null,
        null,
        null,
        null,
        null,
        null,
        1,
        0,
        0,
        0,
        0,
        null,
        null,
        null,
        1,
        1,
        0,
        0,
        null,
        null,
        null,
        1,
        0,
        null,
        null,
        null,
        1,
        0,
        null,
        null,
        1,
        null,
        null
      ]
    },
    "timestamp": 1393277731
  }
}
